Summary: {
  "timestamp": "2025-08-05 05:59:15",
  "total_attempts": 21,
  "time_elapsed_seconds": 344.88,
  "best_score": 17,
  "confirmed_questions": [
    28
  ],
  "guessed_questions": [
    1,
    2,
    3,
    4,
    5,
    6,
    7,
    8,
    9,
    10,
    11,
    12,
    13,
    14,
    15,
    16,
    17,
    18,
    19,
    20,
    21,
    22,
    23,
    24,
    25,
    26,
    27,
    29,
    30
  ],
  "unique_guesses": 135,
  "last_changed_indices": [
    0,
    1,
    9
  ],
  "clusters": [
    [
      0,
      9,
      1,
      2,
      3,
      4,
      5,
      6,
      7
    ],
    [
      8,
      10,
      11,
      12,
      13,
      14,
      15,
      16,
      17
    ],
    [
      18,
      19,
      20,
      21,
      22,
      23,
      24,
      25,
      26
    ],
    [
      28,
      29
    ]
  ]
}
